soubaoShopMobile/build/outputs/logs/manifest-merger-debug-report.txt
-- Merging decision tree log ---
manifest
ADDED from src\main\AndroidManifest.xml:2:1-135:12
	package
		ADDED from src\main\AndroidManifest.xml:3:5-32
		INJECTED from src\main\AndroidManifest.xml
		INJECTED from src\main\AndroidManifest.xml
	android:versionName
		ADDED from src\main\AndroidManifest.xml:5:5-32
		INJECTED from src\main\AndroidManifest.xml
		INJECTED from src\main\AndroidManifest.xml
	android:versionCode
		ADDED from src\main\AndroidManifest.xml:4:5-28
		INJECTED from src\main\AndroidManifest.xml
		INJECTED from src\main\AndroidManifest.xml
	xmlns:android
		ADDED from src\main\AndroidManifest.xml:2:11-69
uses-sdk
ADDED from src\main\AndroidManifest.xml:7:5-9:41
MERGED from [com.android.support:multidex:1.0.1] AndroidManifest.xml:18:5-42
MERGED from [TPshop-master:androidPullToRefresh_library:unspecified] AndroidManifest.xml:7:5-9:40
MERGED from [TPshop-master:slidingMenu_library:unspecified] AndroidManifest.xml:7:5-9:41
MERGED from [com.android.support:support-v4:23.1.0] AndroidManifest.xml:20:5-43
MERGED from [TPshop-master:viewPagerIndicator_library:unspecified] AndroidManifest.xml:7:5-9:40
MERGED from [TPshop-master:StickyGridHeaders_library:unspecified] AndroidManifest.xml:7:5-9:41
MERGED from [TPshop-master:HeaderAndFooterRecyclerView_library:unspecified] AndroidManifest.xml:7:5-9:41
MERGED from [com.android.support:recyclerview-v7:23.1.0] AndroidManifest.xml:20:5-43
MERGED from [TPshop-master:magicindicator_library:unspecified] AndroidManifest.xml:8:5-10:41
MERGED from [com.android.support:appcompat-v7:22.2.1] AndroidManifest.xml:20:5-43
MERGED from [com.github.navasmdc:MaterialDesign:1.5] AndroidManifest.xml:7:5-9:41
MERGED from [com.chanven.lib:cptr:1.0.0] AndroidManifest.xml:7:5-9:41
MERGED from [com.facebook.fresco:fresco:0.9.0] AndroidManifest.xml:5:5-7:41
MERGED from [com.facebook.fresco:drawee:0.9.0] AndroidManifest.xml:5:5-7:41
MERGED from [com.facebook.fresco:fbcore:0.9.0] AndroidManifest.xml:5:5-7:41
MERGED from [com.facebook.fresco:imagepipeline:0.9.0] AndroidManifest.xml:5:5-7:41
MERGED from [com.facebook.fresco:imagepipeline-base:0.9.0] AndroidManifest.xml:5:5-7:41
MERGED from [com.github.kingideayou:SlideBottomPanel:1.0.6] AndroidManifest.xml:7:5-9:41
MERGED from [com.daimajia.swipelayout:library:1.2.0] AndroidManifest.xml:6:5-8:41
	android:targetSdkVersion
		ADDED from src\main\AndroidManifest.xml:9:9-38
		INJECTED from src\main\AndroidManifest.xml
		INJECTED from src\main\AndroidManifest.xml
	android:minSdkVersion
		ADDED from src\main\AndroidManifest.xml:8:9-35
		INJECTED from src\main\AndroidManifest.xml
		INJECTED from src\main\AndroidManifest.xml
uses-permission#android.permission.INTERNET
ADDED from src\main\AndroidManifest.xml:11:5-67
	android:name
		ADDED from src\main\AndroidManifest.xml:11:22-64
uses-permission#android.permission.ACCESS_NETWORK_STATE
ADDED from src\main\AndroidManifest.xml:12:5-79
	android:name
		ADDED from src\main\AndroidManifest.xml:12:22-76
uses-permission#android.permission.ACCESS_WIFI_STATE
ADDED from src\main\AndroidManifest.xml:13:5-76
	android:name
		ADDED from src\main\AndroidManifest.xml:13:22-73
uses-permission#android.permission.READ_PHONE_STATE
ADDED from src\main\AndroidManifest.xml:14:5-75
	android:name
		ADDED from src\main\AndroidManifest.xml:14:22-72
uses-permission#android.permission.WRITE_EXTERNAL_STORAGE
ADDED from src\main\AndroidManifest.xml:15:5-81
	android:name
		ADDED from src\main\AndroidManifest.xml:15:22-78
uses-permission#android.permission.READ_EXTERNAL_STORAGE
ADDED from src\main\AndroidManifest.xml:16:5-80
	android:name
		ADDED from src\main\AndroidManifest.xml:16:22-77
uses-feature#android.hardware.camera
ADDED from src\main\AndroidManifest.xml:18:5-73
	android:name
		ADDED from src\main\AndroidManifest.xml:18:19-57
uses-permission#android.permission.CAMERA
ADDED from src\main\AndroidManifest.xml:20:5-65
	android:name
		ADDED from src\main\AndroidManifest.xml:20:22-62
uses-permission#android.permission.MOUNT_UNMOUNT_FILESYSTEMS
ADDED from src\main\AndroidManifest.xml:21:5-84
	android:name
		ADDED from src\main\AndroidManifest.xml:21:22-81
uses-permission#android.permission.VIBRATE
ADDED from src\main\AndroidManifest.xml:22:5-66
	android:name
		ADDED from src\main\AndroidManifest.xml:22:22-63
uses-feature#android.hardware.camera.autofocus
ADDED from src\main\AndroidManifest.xml:24:5-70
	android:name
		ADDED from src\main\AndroidManifest.xml:24:19-67
application
ADDED from src\main\AndroidManifest.xml:27:5-133:19
MERGED from [TPshop-master:androidPullToRefresh_library:unspecified] AndroidManifest.xml:11:5-20
MERGED from [com.android.support:support-v4:23.1.0] AndroidManifest.xml:22:5-20
MERGED from [TPshop-master:HeaderAndFooterRecyclerView_library:unspecified] AndroidManifest.xml:11:5-15:19
MERGED from [com.android.support:appcompat-v7:22.2.1] AndroidManifest.xml:22:5-20
MERGED from [com.github.navasmdc:MaterialDesign:1.5] AndroidManifest.xml:11:5-47
MERGED from [com.chanven.lib:cptr:1.0.0] AndroidManifest.xml:11:5-14:19
MERGED from [com.github.kingideayou:SlideBottomPanel:1.0.6] AndroidManifest.xml:11:5-14:19
	android:label
		ADDED from src\main\AndroidManifest.xml:31:9-41
	android:supportsRtl
		ADDED from [TPshop-master:HeaderAndFooterRecyclerView_library:unspecified] AndroidManifest.xml:14:9-35
	android:allowBackup
		ADDED from src\main\AndroidManifest.xml:29:9-35
	android:icon
		ADDED from src\main\AndroidManifest.xml:30:9-41
	android:theme
		ADDED from src\main\AndroidManifest.xml:32:9-40
	android:name
		ADDED from src\main\AndroidManifest.xml:28:9-51
activity#com.soubao.tpshop.SPMainActivity
ADDED from src\main\AndroidManifest.xml:33:9-41:20
	android:label
		ADDED from src\main\AndroidManifest.xml:35:13-45
	android:launchMode
		ADDED from src\main\AndroidManifest.xml:36:13-44
	android:name
		ADDED from src\main\AndroidManifest.xml:34:13-43
intent-filter#android.intent.action.MAIN+android.intent.category.LAUNCHER
ADDED from src\main\AndroidManifest.xml:37:13-40:29
action#android.intent.action.MAIN
ADDED from src\main\AndroidManifest.xml:38:17-69
	android:name
		ADDED from src\main\AndroidManifest.xml:38:25-66
category#android.intent.category.LAUNCHER
ADDED from src\main\AndroidManifest.xml:39:17-77
	android:name
		ADDED from src\main\AndroidManifest.xml:39:27-74
activity#com.soubao.tpshop.activity.person.address.SPConsigneeAddressEditActivity_
ADDED from src\main\AndroidManifest.xml:42:9-44:57
	android:label
		ADDED from src\main\AndroidManifest.xml:44:13-45
	android:name
		ADDED from src\main\AndroidManifest.xml:43:13-84
activity#com.soubao.tpshop.activity.person.address.SPCitySelectActivity_
ADDED from src\main\AndroidManifest.xml:46:9-48:57
	android:label
		ADDED from src\main\AndroidManifest.xml:48:13-45
	android:name
		ADDED from src\main\AndroidManifest.xml:47:13-74
activity#com.soubao.tpshop.activity.shop.SPProductListActivity
ADDED from src\main\AndroidManifest.xml:50:9-52:57
	android:label
		ADDED from src\main\AndroidManifest.xml:52:13-45
	android:name
		ADDED from src\main\AndroidManifest.xml:51:13-64
activity#com.soubao.tpshop.activity.shop.SPProductListSearchResultActivity
ADDED from src\main\AndroidManifest.xml:54:9-94
	android:name
		ADDED from src\main\AndroidManifest.xml:54:19-82
activity#com.soubao.tpshop.activity.shop.SPProductDetailActivity_
ADDED from src\main\AndroidManifest.xml:56:9-58:69
	android:label
		ADDED from src\main\AndroidManifest.xml:58:13-57
	android:name
		ADDED from src\main\AndroidManifest.xml:57:13-67
activity#com.soubao.tpshop.activity.shop.SPProductDetaiSpeclActivity_
ADDED from src\main\AndroidManifest.xml:59:9-61:59
	android:label
		ADDED from src\main\AndroidManifest.xml:61:13-47
	android:name
		ADDED from src\main\AndroidManifest.xml:60:13-71
activity#com.soubao.tpshop.activity.shop.SPProductDetailInnerActivity_
ADDED from src\main\AndroidManifest.xml:62:9-64:86
	android:label
		ADDED from src\main\AndroidManifest.xml:64:13-74
	android:name
		ADDED from src\main\AndroidManifest.xml:63:13-72
activity#com.soubao.tpshop.activity.shop.SPConfirmOrderActivity_
ADDED from src\main\AndroidManifest.xml:65:9-67:79
	android:label
		ADDED from src\main\AndroidManifest.xml:67:13-67
	android:name
		ADDED from src\main\AndroidManifest.xml:66:13-66
activity#com.soubao.tpshop.activity.person.address.SPConsigneeAddressListActivity_
ADDED from src\main\AndroidManifest.xml:68:9-70:69
	android:label
		ADDED from src\main\AndroidManifest.xml:70:13-57
	android:name
		ADDED from src\main\AndroidManifest.xml:69:13-84
activity#com.soubao.tpshop.activity.shop.SPChooseLogisticActivity_
ADDED from src\main\AndroidManifest.xml:71:9-73:79
	android:label
		ADDED from src\main\AndroidManifest.xml:73:13-67
	android:name
		ADDED from src\main\AndroidManifest.xml:72:13-68
activity#com.soubao.tpshop.activity.shop.SPAvailableCouponActivity_
ADDED from src\main\AndroidManifest.xml:74:9-87
	android:name
		ADDED from src\main\AndroidManifest.xml:74:19-75
activity#com.soubao.tpshop.activity.common.SPTextFieldViewActivity_
ADDED from src\main\AndroidManifest.xml:76:9-87
	android:name
		ADDED from src\main\AndroidManifest.xml:76:19-75
activity#com.soubao.tpshop.activity.common.SPPayListActivity_
ADDED from src\main\AndroidManifest.xml:78:9-81
	android:name
		ADDED from src\main\AndroidManifest.xml:78:19-69
activity#com.soubao.tpshop.activity.person.order.SPOrderListActivity_
ADDED from src\main\AndroidManifest.xml:81:9-89
	android:name
		ADDED from src\main\AndroidManifest.xml:81:19-77
activity#com.soubao.tpshop.activity.person.order.SPOrderDetailActivity_
ADDED from src\main\AndroidManifest.xml:83:9-85:20
	android:name
		ADDED from src\main\AndroidManifest.xml:83:19-79
activity#com.soubao.tpshop.activity.shop.SPProductShowListActivity_
ADDED from src\main\AndroidManifest.xml:88:9-87
	android:name
		ADDED from src\main\AndroidManifest.xml:88:19-75
activity#com.soubao.tpshop.activity.common.SPWebviewActivity_
ADDED from src\main\AndroidManifest.xml:91:9-81
	android:name
		ADDED from src\main\AndroidManifest.xml:91:19-69
activity#com.soubao.tpshop.activity.person.SPCollectListActivity_
ADDED from src\main\AndroidManifest.xml:93:9-85
	android:name
		ADDED from src\main\AndroidManifest.xml:93:19-73
activity#com.soubao.tpshop.activity.person.SPWalletLogtListActivity_
ADDED from src\main\AndroidManifest.xml:95:9-88
	android:name
		ADDED from src\main\AndroidManifest.xml:95:19-76
activity#com.soubao.tpshop.activity.person.SPSettingListActivity_
ADDED from src\main\AndroidManifest.xml:97:9-85
	android:name
		ADDED from src\main\AndroidManifest.xml:97:19-73
activity#com.soubao.tpshop.activity.common.SPSearchCommonActivity_
ADDED from src\main\AndroidManifest.xml:99:9-86
	android:name
		ADDED from src\main\AndroidManifest.xml:99:19-74
activity#com.soubao.spmobile.SPMobileActivity
ADDED from src\main\AndroidManifest.xml:101:9-82
	android:name
		ADDED from src\main\AndroidManifest.xml:101:19-70
activity#com.soubao.tpshop.activity.person.SPCouponListActivity_
ADDED from src\main\AndroidManifest.xml:103:9-84
	android:name
		ADDED from src\main\AndroidManifest.xml:103:19-72
activity#com.alipay.sdk.app.H5PayActivity
ADDED from src\main\AndroidManifest.xml:107:9-112:70
	android:screenOrientation
		ADDED from src\main\AndroidManifest.xml:111:13-47
	android:exported
		ADDED from src\main\AndroidManifest.xml:110:13-37
	android:windowSoftInputMode
		ADDED from src\main\AndroidManifest.xml:112:13-67
	android:configChanges
		ADDED from src\main\AndroidManifest.xml:109:13-85
	android:name
		ADDED from src\main\AndroidManifest.xml:108:13-60
activity#com.soubao.tpshop.activity.person.user.SPLoginActivity_
ADDED from src\main\AndroidManifest.xml:115:9-75
	android:name
		ADDED from src\main\AndroidManifest.xml:115:19-72
activity#com.soubao.tpshop.activity.person.user.SPRegisterActivity_
ADDED from src\main\AndroidManifest.xml:116:9-78
	android:name
		ADDED from src\main\AndroidManifest.xml:116:19-75
activity#com.soubao.tpshop.activity.person.user.SPForgetPwdActivity_
ADDED from src\main\AndroidManifest.xml:117:9-79
	android:name
		ADDED from src\main\AndroidManifest.xml:117:19-76
activity#com.soubao.tpshop.activity.person.user.SPUserDetailsActivity_
ADDED from src\main\AndroidManifest.xml:118:9-81
	android:name
		ADDED from src\main\AndroidManifest.xml:118:19-78
activity#com.soubao.tpshop.activity.common.SPPopuListViewActivity
ADDED from src\main\AndroidManifest.xml:119:9-85
	android:name
		ADDED from src\main\AndroidManifest.xml:119:19-73
activity#com.soubao.tpshop.zxing.MipcaActivityCapture
ADDED from src\main\AndroidManifest.xml:120:9-125:72
	android:screenOrientation
		ADDED from src\main\AndroidManifest.xml:123:13-49
	android:windowSoftInputMode
		ADDED from src\main\AndroidManifest.xml:125:13-60
	android:configChanges
		ADDED from src\main\AndroidManifest.xml:122:13-63
	android:theme
		ADDED from src\main\AndroidManifest.xml:124:13-60
	android:name
		ADDED from src\main\AndroidManifest.xml:121:13-55
meta-data#UMENG_APPKEY
ADDED from src\main\AndroidManifest.xml:127:9-129:66
	android:value
		ADDED from src\main\AndroidManifest.xml:129:13-53
	android:name
		ADDED from src\main\AndroidManifest.xml:128:13-40
meta-data#UMENG_CHANNEL
ADDED from src\main\AndroidManifest.xml:130:9-132:36
	android:value
		ADDED from src\main\AndroidManifest.xml:132:13-33
	android:name
		ADDED from src\main\AndroidManifest.xml:131:13-41